<?xml version="1.0" encoding="UTF-8"?>
<testsuite name="testRunner.TestRunner" tests="3" skipped="0" failures="0" errors="0" timestamp="2020-04-27T08:36:31" hostname="AUSAL1T7GTFJ" time="54.959">
  <properties/>
  <testcase name="runScenario[0](&quot;​User can Sign in with valid credentials&quot;, &quot;​ BWell Automation QATask&quot;)" classname="testRunner.TestRunner" time="17.491"/>
  <testcase name="runScenario[1](&quot;​User can sort in ascending order all Appointments services by name ​&quot;, &quot;​ BWell Automation QATask&quot;)" classname="testRunner.TestRunner" time="18.427"/>
  <testcase name="runScenario[2](&quot;​ User can search all Appointments services by name&quot;, &quot;​ BWell Automation QATask&quot;)" classname="testRunner.TestRunner" time="19.037"/>
  <system-out><![CDATA[
@desktop @web @QA_task @SignIn
Scenario: ​User can Sign in with valid credentials     ?[90m# src/test/java/features/BWell_QA_task.feature:17?[0m

Executing preconditions for stepDefinitions.BWellAutomationTaskSteps...


**************************************************
* Initializing BWellAutomationTaskSteps...
**************************************************
Browser: chrome
  ?[32mGiven ?[0m?[32mI am on ?[0m?[32m?[1m"http://login.myappcms.com/"?[0m?[32m home page?[0m ?[90m# stepDefinitions.BWellAutomationTaskSteps.iAmOnLoginHomePage(java.lang.String)?[0m
  ?[32mWhen ?[0m?[32mI type ​string as App Name?[0m                      ?[90m# stepDefinitions.BWellAutomationTaskSteps.iTypeAppName()?[0m
  ?[32mAnd ?[0m?[32mI type ​username​ as Email address?[0m               ?[90m# stepDefinitions.BWellAutomationTaskSteps.iTypeEmailAddress()?[0m
  ?[32mAnd ?[0m?[32mI type ​password as Password?[0m                     ?[90m# stepDefinitions.BWellAutomationTaskSteps.iTypePassword()?[0m
  ?[32mAnd ?[0m?[32mI click on Sign in button?[0m                        ?[90m# stepDefinitions.BWellAutomationTaskSteps.iClickOnSignInButton()?[0m
  ?[32mThen ?[0m?[32mI should see my Content?[0m                         ?[90m# stepDefinitions.BWellAutomationTaskSteps.iShouldSeeMyContent()?[0m

**************************************************
* Finishing ContentHeaderSteps...
**************************************************

Testing finished.


**************************************************
* Finishing BWellAutomationTaskSteps...
**************************************************

Testing finished.


@desktop @web @QA_task @Sorting
Scenario: ​User can sort in ascending order all Appointments services by name ​ ?[90m# src/test/java/features/BWell_QA_task.feature:21?[0m

Executing preconditions for stepDefinitions.BWellAutomationTaskSteps...


**************************************************
* Initializing BWellAutomationTaskSteps...
**************************************************
Browser: chrome
  ?[32mGiven ?[0m?[32mI am on ?[0m?[32m?[1m"http://login.myappcms.com/"?[0m?[32m home page?[0m                          ?[90m# stepDefinitions.BWellAutomationTaskSteps.iAmOnLoginHomePage(java.lang.String)?[0m
  ?[32mWhen ?[0m?[32mI type ​string as App Name?[0m                                               ?[90m# stepDefinitions.BWellAutomationTaskSteps.iTypeAppName()?[0m
  ?[32mAnd ?[0m?[32mI type ​username​ as Email address?[0m                                        ?[90m# stepDefinitions.BWellAutomationTaskSteps.iTypeEmailAddress()?[0m
  ?[32mAnd ?[0m?[32mI type ​password as Password?[0m                                              ?[90m# stepDefinitions.BWellAutomationTaskSteps.iTypePassword()?[0m
  ?[32mAnd ?[0m?[32mI click on Sign in button?[0m                                                 ?[90m# stepDefinitions.BWellAutomationTaskSteps.iClickOnSignInButton()?[0m
  ?[32mGiven ?[0m?[32mI am on ?[0m?[32m?[1m"http://login.myappcms.com/build"?[0m?[32m page?[0m                          ?[90m# stepDefinitions.BWellAutomationTaskSteps.iAmOnContentPage(java.lang.String)?[0m
  ?[32mWhen ?[0m?[32mI click ​Sort Ascending option​ on ​Service Name​ column?[0m                 ?[90m# stepDefinitions.BWellAutomationTaskSteps.iClickOnServiceNameColumn()?[0m
Service Name column is sorted in ascending order:
[ ,  ,  ,  ,  ,  ,  ,  ,  ,  ,  ,  , *afs, 34, a, cds, dsf, John Doe Oil Change and More, S1$#$$$&%^*^(&()*)**(_(_)_()(_)(_(_(_((_()(^%^$FHGVGHSVDAVDAVDABVDADABDDA DMBAHDABJHQT%#&^UT^&&#T@#, t]
  ?[32mThen ?[0m?[32mI should see correct results list after sorting?[0m                          ?[90m# stepDefinitions.BWellAutomationTaskSteps.iShouldSeeCorrectResultsListAfterSorting()?[0m

**************************************************
* Finishing ContentHeaderSteps...
**************************************************

Testing finished.


**************************************************
* Finishing BWellAutomationTaskSteps...
**************************************************

Testing finished.


@desktop @web @QA_task @Searching
Scenario: ​ User can search all Appointments services by name ?[90m# src/test/java/features/BWell_QA_task.feature:27?[0m

Executing preconditions for stepDefinitions.BWellAutomationTaskSteps...


**************************************************
* Initializing BWellAutomationTaskSteps...
**************************************************
Browser: chrome
  ?[32mGiven ?[0m?[32mI am on ?[0m?[32m?[1m"http://login.myappcms.com/"?[0m?[32m home page?[0m        ?[90m# stepDefinitions.BWellAutomationTaskSteps.iAmOnLoginHomePage(java.lang.String)?[0m
  ?[32mWhen ?[0m?[32mI type ​string as App Name?[0m                             ?[90m# stepDefinitions.BWellAutomationTaskSteps.iTypeAppName()?[0m
  ?[32mAnd ?[0m?[32mI type ​username​ as Email address?[0m                      ?[90m# stepDefinitions.BWellAutomationTaskSteps.iTypeEmailAddress()?[0m
  ?[32mAnd ?[0m?[32mI type ​password as Password?[0m                            ?[90m# stepDefinitions.BWellAutomationTaskSteps.iTypePassword()?[0m
  ?[32mAnd ?[0m?[32mI click on Sign in button?[0m                               ?[90m# stepDefinitions.BWellAutomationTaskSteps.iClickOnSignInButton()?[0m
  ?[32mGiven ?[0m?[32mI am on ?[0m?[32m?[1m"http://login.myappcms.com/build"?[0m?[32m page?[0m        ?[90m# stepDefinitions.BWellAutomationTaskSteps.iAmOnContentPage(java.lang.String)?[0m
  ?[32mWhen ?[0m?[32mI type ​keyword​ in the Search box?[0m                     ?[90m# stepDefinitions.BWellAutomationTaskSteps.iTypekeywordInTheSearchBox()?[0m
Keyword 'colour' was found 1 time(s) inside the table
[ , colour,  ,  ,  ,  ,  ,  ,  ,  ,  ,  ,  ,  ,  ,  , ]
  ?[32mThen ?[0m?[32mI should see correct results list after searching?[0m      ?[90m# stepDefinitions.BWellAutomationTaskSteps.iShouldSeeCorrectResultsListAfterSearching()?[0m

**************************************************
* Finishing ContentHeaderSteps...
**************************************************

Testing finished.


**************************************************
* Finishing BWellAutomationTaskSteps...
**************************************************

Testing finished.

]]></system-out>
  <system-err><![CDATA[Starting ChromeDriver 81.0.4044.20 (f006328e39a9769596eb506c8841c3004b24e747-refs/branch-heads/4044@{#244}) on port 40972
Only local connections are allowed.
Please protect ports used by ChromeDriver and related test frameworks to prevent access by malicious code.
Apr 27, 2020 3:36:37 AM org.openqa.selenium.remote.ProtocolHandshake createSession
INFO: Detected dialect: W3C
[1587976597.957][SEVERE]: Timed out receiving message from renderer: 0.100
[1587976598.059][SEVERE]: Timed out receiving message from renderer: 0.100
[1587976598.161][SEVERE]: Timed out receiving message from renderer: 0.100
[1587976598.266][SEVERE]: Timed out receiving message from renderer: 0.100
[1587976599.382][SEVERE]: Timed out receiving message from renderer: 0.100
[1587976599.484][SEVERE]: Timed out receiving message from renderer: 0.100
[1587976602.495][SEVERE]: Timed out receiving message from renderer: 0.100
[1587976602.597][SEVERE]: Timed out receiving message from renderer: 0.100
[1587976602.698][SEVERE]: Timed out receiving message from renderer: 0.100
[1587976602.801][SEVERE]: Timed out receiving message from renderer: 0.100
[1587976602.902][SEVERE]: Timed out receiving message from renderer: 0.100
[1587976603.003][SEVERE]: Timed out receiving message from renderer: 0.100
[1587976603.107][SEVERE]: Timed out receiving message from renderer: 0.100
[1587976603.209][SEVERE]: Timed out receiving message from renderer: 0.100
[1587976603.310][SEVERE]: Timed out receiving message from renderer: 0.100
[1587976603.411][SEVERE]: Timed out receiving message from renderer: 0.100
[1587976603.529][SEVERE]: Timed out receiving message from renderer: 0.100
[1587976603.631][SEVERE]: Timed out receiving message from renderer: 0.100
[1587976603.733][SEVERE]: Timed out receiving message from renderer: 0.100
[1587976603.834][SEVERE]: Timed out receiving message from renderer: 0.100
[1587976603.936][SEVERE]: Timed out receiving message from renderer: 0.100
[1587976604.038][SEVERE]: Timed out receiving message from renderer: 0.100
[1587976604.139][SEVERE]: Timed out receiving message from renderer: 0.100
[1587976604.241][SEVERE]: Timed out receiving message from renderer: 0.100
[1587976604.344][SEVERE]: Timed out receiving message from renderer: 0.100
[1587976604.447][SEVERE]: Timed out receiving message from renderer: 0.100
[1587976604.549][SEVERE]: Timed out receiving message from renderer: 0.100
[1587976604.651][SEVERE]: Timed out receiving message from renderer: 0.100
[1587976604.754][SEVERE]: Timed out receiving message from renderer: 0.100
[1587976604.858][SEVERE]: Timed out receiving message from renderer: 0.100
[1587976604.959][SEVERE]: Timed out receiving message from renderer: 0.100
[1587976605.060][SEVERE]: Timed out receiving message from renderer: 0.100
[1587976605.164][SEVERE]: Timed out receiving message from renderer: 0.100
[1587976605.287][SEVERE]: Timed out receiving message from renderer: 0.100
[1587976605.389][SEVERE]: Timed out receiving message from renderer: 0.100
[1587976605.493][SEVERE]: Timed out receiving message from renderer: 0.100
[1587976605.599][SEVERE]: Timed out receiving message from renderer: 0.100
[1587976605.703][SEVERE]: Timed out receiving message from renderer: 0.100
[1587976605.810][SEVERE]: Timed out receiving message from renderer: 0.100
[1587976605.920][SEVERE]: Timed out receiving message from renderer: 0.100
[1587976606.026][SEVERE]: Timed out receiving message from renderer: 0.100
[1587976607.038][SEVERE]: Timed out receiving message from renderer: 0.100
[1587976607.218][SEVERE]: Timed out receiving message from renderer: 0.100
[1587976607.330][SEVERE]: Timed out receiving message from renderer: 0.100
[1587976607.448][SEVERE]: Timed out receiving message from renderer: 0.100
[1587976607.552][SEVERE]: Timed out receiving message from renderer: 0.100
[1587976607.653][SEVERE]: Timed out receiving message from renderer: 0.100
[1587976607.754][SEVERE]: Timed out receiving message from renderer: 0.100
Starting ChromeDriver 81.0.4044.20 (f006328e39a9769596eb506c8841c3004b24e747-refs/branch-heads/4044@{#244}) on port 23542
Only local connections are allowed.
Please protect ports used by ChromeDriver and related test frameworks to prevent access by malicious code.
Apr 27, 2020 3:36:51 AM org.openqa.selenium.remote.ProtocolHandshake createSession
INFO: Detected dialect: W3C
[1587976612.130][SEVERE]: Timed out receiving message from renderer: 0.100
[1587976612.231][SEVERE]: Timed out receiving message from renderer: 0.100
[1587976612.352][SEVERE]: Timed out receiving message from renderer: 0.100
[1587976613.139][SEVERE]: Timed out receiving message from renderer: 0.100
[1587976613.549][SEVERE]: Timed out receiving message from renderer: 0.100
[1587976613.846][SEVERE]: Timed out receiving message from renderer: 0.100
[1587976614.049][SEVERE]: Timed out receiving message from renderer: 0.100
[1587976615.103][SEVERE]: Timed out receiving message from renderer: 0.100
[1587976619.188][SEVERE]: Timed out receiving message from renderer: 0.100
[1587976619.336][SEVERE]: Timed out receiving message from renderer: 0.100
[1587976619.437][SEVERE]: Timed out receiving message from renderer: 0.100
[1587976619.540][SEVERE]: Timed out receiving message from renderer: 0.100
[1587976620.864][SEVERE]: Timed out receiving message from renderer: 0.100
[1587976620.966][SEVERE]: Timed out receiving message from renderer: 0.100
[1587976621.220][SEVERE]: Timed out receiving message from renderer: 0.100
[1587976621.344][SEVERE]: Timed out receiving message from renderer: 0.100
[1587976621.446][SEVERE]: Timed out receiving message from renderer: 0.100
[1587976621.554][SEVERE]: Timed out receiving message from renderer: 0.100
Starting ChromeDriver 81.0.4044.20 (f006328e39a9769596eb506c8841c3004b24e747-refs/branch-heads/4044@{#244}) on port 21004
Only local connections are allowed.
Please protect ports used by ChromeDriver and related test frameworks to prevent access by malicious code.
Apr 27, 2020 3:37:09 AM org.openqa.selenium.remote.ProtocolHandshake createSession
INFO: Detected dialect: W3C
[1587976630.229][SEVERE]: Timed out receiving message from renderer: 0.100
[1587976630.330][SEVERE]: Timed out receiving message from renderer: 0.100
[1587976630.600][SEVERE]: Timed out receiving message from renderer: 0.100
[1587976631.118][SEVERE]: Timed out receiving message from renderer: 0.100
[1587976631.254][SEVERE]: Timed out receiving message from renderer: 0.100
[1587976633.452][SEVERE]: Timed out receiving message from renderer: 0.100
[1587976633.554][SEVERE]: Timed out receiving message from renderer: 0.100
[1587976633.655][SEVERE]: Timed out receiving message from renderer: 0.100
[1587976633.770][SEVERE]: Timed out receiving message from renderer: 0.100
[1587976633.872][SEVERE]: Timed out receiving message from renderer: 0.100
[1587976633.975][SEVERE]: Timed out receiving message from renderer: 0.100
[1587976634.916][SEVERE]: Timed out receiving message from renderer: 0.100
[1587976635.017][SEVERE]: Timed out receiving message from renderer: 0.100
[1587976635.118][SEVERE]: Timed out receiving message from renderer: 0.100
]]></system-err>
</testsuite>
